
> idea-platform@0.1.0 dev /Users/shiraikoutarou/idea-platform
> next dev

   â–² Next.js 15.2.4
   - Local:        http://localhost:3000
   - Network:      http://192.168.3.245:3000
   - Environments: .env.local

 âœ“ Starting...
 âœ“ Ready in 1007ms
 âœ“ Compiled /middleware in 167ms (218 modules)
 â—‹ Compiling / ...
 âœ“ Compiled / in 962ms (800 modules)
 GET / 200 in 1122ms
 âœ“ Compiled in 208ms (358 modules)
 GET / 200 in 32ms
 â—‹ Compiling /dashboard ...
 âœ“ Compiled /dashboard in 776ms (1038 modules)
 GET /dashboard 200 in 759ms
 GET /connect 200 in 841ms
 âœ“ Compiled /idea/[id] in 282ms (1054 modules)
 GET /idea/2163fca9-54d3-43e9-b2f2-04677245574f 200 in 628ms
 âœ“ Compiled in 215ms (1068 modules)
 GET /idea/2163fca9-54d3-43e9-b2f2-04677245574f 200 in 33ms
 âœ“ Compiled in 199ms (1055 modules)
 GET /idea/2163fca9-54d3-43e9-b2f2-04677245574f 200 in 25ms
 âœ“ Compiled in 318ms (1055 modules)
 GET /idea/2163fca9-54d3-43e9-b2f2-04677245574f 200 in 47ms
 âœ“ Compiled /pre-drafts in 247ms (1050 modules)
 GET /pre-drafts 200 in 289ms
 GET /idea/2 200 in 21ms
 GET /dashboard 200 in 15ms
 âœ“ Compiled /idea/new in 450ms (1065 modules)
 GET /idea/new 200 in 493ms
 âœ“ Compiled /proposals in 233ms (1074 modules)
 GET /proposals 200 in 262ms
 âœ“ Compiled /me in 242ms (1090 modules)
 GET /me 200 in 266ms
 GET /idea/1750591258238 200 in 19ms
 GET /dashboard 200 in 15ms
 âœ“ Compiled in 512ms (1104 modules)
 GET /dashboard 200 in 41ms
 âœ“ Compiled in 272ms (1104 modules)
 GET /dashboard 200 in 32ms
 âœ“ Compiled in 254ms (1104 modules)
 GET /dashboard 200 in 21ms
 âœ“ Compiled in 211ms (1098 modules)
 GET /dashboard 200 in 29ms
 âœ“ Compiled in 417ms (1098 modules)
 GET /dashboard 200 in 42ms
 GET /dashboard 200 in 93ms
 âœ“ Compiled /connect in 312ms (619 modules)
 GET /connect 200 in 355ms
 GET /dashboard 200 in 14ms
 GET /idea/2163fca9-54d3-43e9-b2f2-04677245574f 200 in 21ms
 GET /idea/2163fca9-54d3-43e9-b2f2-04677245574f 200 in 11ms
 âœ“ Compiled in 353ms (1098 modules)
 GET /dashboard 200 in 31ms
 âœ“ Compiled in 265ms (1098 modules)
 GET /dashboard 200 in 30ms
 âœ“ Compiled in 359ms (1098 modules)
 GET /dashboard 200 in 23ms
 âœ“ Compiled in 197ms (1098 modules)
 GET /dashboard 200 in 19ms
 âœ“ Compiled in 243ms (1098 modules)
 GET /dashboard 200 in 20ms
 GET /dashboard 200 in 98ms
 âœ“ Compiled /connect in 319ms (619 modules)
 GET /connect 200 in 360ms
 âœ“ Compiled / in 198ms (624 modules)
 GET / 200 in 258ms
 GET /connect 200 in 8ms
 GET /dashboard 200 in 8ms
 âœ“ Compiled in 444ms (1110 modules)
 GET /dashboard 200 in 38ms
 âœ“ Compiled in 205ms (1110 modules)
 GET /dashboard 200 in 30ms
 âœ“ Compiled in 216ms (1105 modules)
 GET /dashboard 200 in 18ms
 âœ“ Compiled in 204ms (1098 modules)
 GET /dashboard 200 in 33ms
 GET /me 200 in 16ms
 âœ“ Compiled /proposals in 234ms (618 modules)
 GET /proposals 200 in 261ms
 âœ“ Compiled /empathized in 369ms (1099 modules)
 GET /empathized 200 in 401ms
 GET /dashboard 200 in 12ms
 GET /empathized 200 in 10ms
 GET /dashboard 200 in 10ms
 GET /pre-drafts 200 in 15ms
 GET /empathized 200 in 9ms
 GET /dashboard 200 in 9ms
 GET /pre-drafts 200 in 10ms
 GET /empathized 200 in 8ms
 GET /pre-drafts 200 in 8ms
 âœ“ Compiled in 475ms (1099 modules)
 GET /pre-drafts 200 in 20ms
 GET /pre-drafts 200 in 107ms
 âœ“ Compiled /connect in 217ms (617 modules)
 GET /connect 200 in 241ms
 GET /dashboard 200 in 17ms
 GET /dashboard 200 in 8ms
 GET /pre-drafts 200 in 14ms
 âœ“ Compiled /proposals in 111ms (623 modules)
 GET /proposals 200 in 138ms
 GET /pre-drafts 200 in 14ms
 GET /empathized 200 in 15ms
 GET /dashboard 200 in 15ms
 GET /idea/new 200 in 19ms
 âœ“ Compiled /api/generate-idea in 406ms (1160 modules)
 GET /dashboard 200 in 37ms
 POST /api/generate-idea 200 in 7811ms
 GET /empathized 200 in 15ms
 âœ“ Compiled /idea/[id] in 232ms (693 modules)
 GET /idea/cf7c14d9-5aca-46a8-a3b1-f1ba0ab442e8 200 in 271ms
 GET /empathized 200 in 99ms
 GET /connect 200 in 9ms
 GET /empathized 200 in 25ms
 GET /connect 200 in 9ms
 GET /dashboard 200 in 14ms
 GET /empathized 200 in 9ms
 âœ“ Compiled in 486ms (1096 modules)
 GET /connect 200 in 55ms
 GET /empathized 200 in 12ms
 âœ“ Compiled in 320ms (1096 modules)
 GET /connect 200 in 32ms
 GET /empathized 200 in 9ms
 âœ“ Compiled in 397ms (1096 modules)
 GET /connect 200 in 23ms
 GET /empathized 200 in 11ms
 GET /dashboard 200 in 14ms
 âœ“ Compiled /pre-drafts in 119ms (613 modules)
 GET /pre-drafts 200 in 143ms
 GET /empathized 200 in 9ms
 âœ“ Compiled /idea/[id] in 266ms (622 modules)
 GET /idea/cf7c14d9-5aca-46a8-a3b1-f1ba0ab442e8 200 in 297ms
 âœ“ Compiled in 405ms (1102 modules)
 GET /idea/cf7c14d9-5aca-46a8-a3b1-f1ba0ab442e8 200 in 46ms
 GET /empathized 200 in 10ms
 âœ“ Compiled in 206ms (1096 modules)
 GET /idea/cf7c14d9-5aca-46a8-a3b1-f1ba0ab442e8 200 in 39ms
 GET /empathized 200 in 14ms
 âœ“ Compiled in 269ms (1096 modules)
 GET /idea/cf7c14d9-5aca-46a8-a3b1-f1ba0ab442e8 200 in 25ms
 GET /empathized 200 in 10ms
 GET /idea/cf7c14d9-5aca-46a8-a3b1-f1ba0ab442e8 200 in 12ms
 âœ“ Compiled /pre-drafts in 183ms (613 modules)
 GET /pre-drafts 200 in 209ms
 GET /dashboard 200 in 10ms
 âœ“ Compiled /idea/new in 301ms (622 modules)
 GET /idea/new 200 in 330ms
 âœ“ Compiled /api/generate-idea in 231ms (684 modules)
 POST /api/generate-idea 200 in 7031ms
 GET /dashboard 200 in 33ms
 â¨¯ ./lib/supabase/actions.ts
Error:   [31mx[0m Expected a semicolon
     ,-[[36;1;4m/Users/shiraikoutarou/idea-platform/lib/supabase/actions.ts[0m:259:1]
 [2m256[0m | }
 [2m257[0m | 
 [2m258[0m | // ã‚³ãƒ¡ãƒ³ãƒˆè¿½åŠ ï¼ˆãƒ­ãƒ¼ã‚«ãƒ«ã‚¹ãƒˆãƒ¬ãƒ¼ã‚¸ãƒ•ã‚©ãƒ¼ãƒ«ãƒãƒƒã‚¯ä»˜ãï¼‰
 [2m259[0m | export async function addComment(ideaId: string, userAddress: string, content: string) {
     : [35;1m^[0m
 [2m260[0m |   console.log('addComment called with:', { ideaId, userAddress, content })
 [2m261[0m |   
 [2m262[0m |   try {
     `----
  [31mx[0m 'import', and 'export' cannot be used outside of module code
     ,-[[36;1;4m/Users/shiraikoutarou/idea-platform/lib/supabase/actions.ts[0m:259:1]
 [2m256[0m | }
 [2m257[0m | 
 [2m258[0m | // ã‚³ãƒ¡ãƒ³ãƒˆè¿½åŠ ï¼ˆãƒ­ãƒ¼ã‚«ãƒ«ã‚¹ãƒˆãƒ¬ãƒ¼ã‚¸ãƒ•ã‚©ãƒ¼ãƒ«ãƒãƒƒã‚¯ä»˜ãï¼‰
 [2m259[0m | export async function addComment(ideaId: string, userAddress: string, content: string) {
     : [35;1m^^^^^^[0m
 [2m260[0m |   console.log('addComment called with:', { ideaId, userAddress, content })
 [2m261[0m |   
 [2m262[0m |   try {
     `----

Caused by:
    Syntax Error

Import trace for requested module:
./lib/supabase/actions.ts
./app/dashboard/page.tsx
 âœ“ Compiled in 399ms (1097 modules)
 GET /dashboard 200 in 60ms
 GET /empathized 200 in 9ms
 âœ“ Compiled in 185ms (1097 modules)
 GET /dashboard 200 in 32ms
 GET /empathized 200 in 11ms
 âœ“ Compiled in 232ms (1097 modules)
 GET /dashboard 200 in 23ms
 GET /empathized 200 in 10ms
 âœ“ Compiled in 165ms (1097 modules)
 GET /dashboard 200 in 21ms
 GET /empathized 200 in 9ms
 âœ“ Compiled in 369ms (1097 modules)
 GET /dashboard 200 in 34ms
 GET /empathized 200 in 29ms
 âœ“ Compiled in 213ms (1097 modules)
 GET /dashboard 200 in 22ms
 GET /empathized 200 in 9ms
[?25h
